<?xml version="1.0" encoding="UTF-8"?>
<testng-results skipped="0" failed="0" ignored="0" total="1" passed="1">
  <reporter-output>
    <line>
      <![CDATA[welcome to asklfjalksj]]>
    </line>
  </reporter-output>
  <suite name="Default suite" duration-ms="47" started-at="2019-12-18T04:30:48Z" finished-at="2019-12-18T04:30:48Z">
    <groups>
    </groups>
    <test name="Default test" duration-ms="47" started-at="2019-12-18T04:30:48Z" finished-at="2019-12-18T04:30:48Z">
      <class name="DemoTest1">
        <test-method status="PASS" signature="Test1()[pri:0, instance:DemoTest1@20e2cbe0]" name="Test1" duration-ms="16" started-at="2019-12-18T10:00:48Z" finished-at="2019-12-18T10:00:48Z">
          <reporter-output>
            <line>
              <![CDATA[welcome to asklfjalksj]]>
            </line>
          </reporter-output>
        </test-method> <!-- Test1 -->
      </class> <!-- DemoTest1 -->
    </test> <!-- Default test -->
  </suite> <!-- Default suite -->
</testng-results>
